error: Mar-03-2023 20:56:56: 	undefined
error: Mar-03-2023 20:56:56: 	undefined
error: Mar-03-2023 20:56:56: 	undefined
error: Mar-03-2023 21:02:19: 	undefined
error: Mar-03-2023 21:02:19: 	undefined
error: Mar-03-2023 21:02:19: 	undefined
error: Mar-03-2023 21:07:29: 	undefined
error: Mar-03-2023 21:07:29: 	undefined
error: Mar-03-2023 21:07:29: 	undefined
error: Mar-03-2023 21:25:54: 	undefined
error: Mar-03-2023 21:25:54: 	undefined
error: Mar-03-2023 21:25:54: 	undefined
error: Mar-03-2023 21:28:50: 	undefined
error: Mar-03-2023 21:28:50: 	undefined
error: Mar-03-2023 21:28:50: 	undefined
error: Mar-04-2023 06:59:16: 	undefined
error: Mar-04-2023 06:59:16: 	undefined
error: Mar-04-2023 06:59:16: 	undefined
error: Mar-04-2023 07:02:40: 	undefined
error: Mar-04-2023 07:02:40: 	undefined
error: Mar-04-2023 07:02:40: 	undefined
error: Mar-04-2023 07:42:04: 	undefined
error: Mar-04-2023 07:42:04: 	undefined
error: Mar-04-2023 07:42:04: 	undefined
error: Mar-04-2023 08:04:55: 	undefined
error: Mar-04-2023 08:04:55: 	undefined
error: Mar-04-2023 08:04:55: 	undefined
error: Mar-04-2023 08:11:45: 	undefined
error: Mar-04-2023 08:11:45: 	undefined
error: Mar-04-2023 08:11:45: 	undefined
error: Mar-04-2023 08:19:59: 	undefined
error: Mar-04-2023 08:19:59: 	undefined
error: Mar-04-2023 08:19:59: 	undefined
error: Mar-04-2023 08:23:45: 	undefined
error: Mar-04-2023 08:23:45: 	undefined
error: Mar-04-2023 08:23:45: 	undefined
error: Mar-04-2023 08:26:05: 	undefined
error: Mar-04-2023 08:26:05: 	undefined
error: Mar-04-2023 08:26:05: 	undefined
error: Mar-06-2023 01:15:08: 	undefined
error: Mar-06-2023 01:15:08: 	undefined
error: Mar-06-2023 01:15:08: 	undefined
error: Mar-06-2023 01:16:13: 	undefined
error: Mar-06-2023 01:16:13: 	undefined
error: Mar-06-2023 01:16:13: 	undefined
error: Mar-06-2023 01:27:47: 	undefined
error: Mar-06-2023 01:27:47: 	undefined
error: Mar-06-2023 01:27:47: 	undefined
error: Mar-06-2023 01:35:47: 	undefined
error: Mar-06-2023 01:35:47: 	undefined
error: Mar-06-2023 01:35:47: 	undefined
error: Mar-06-2023 01:54:23: 	undefined
error: Mar-06-2023 01:54:23: 	undefined
error: Mar-06-2023 01:54:23: 	undefined
error: Mar-06-2023 01:56:32: 	undefined
error: Mar-06-2023 01:56:32: 	undefined
error: Mar-06-2023 01:56:32: 	undefined
error: Mar-06-2023 02:12:30: 	Incorrect password and Email combination.
error: Mar-06-2023 02:12:30: 	Incorrect password and Email combination.
error: Mar-06-2023 02:12:30: 	Incorrect password and Email combination.
error: Mar-06-2023 02:12:48: 	User with email already exist !!
error: Mar-06-2023 02:12:48: 	User with email already exist !!
error: Mar-06-2023 02:12:48: 	User with email already exist !!
error: Mar-06-2023 02:12:54: 	Password and confirm password does not match.
error: Mar-06-2023 02:12:54: 	Password and confirm password does not match.
error: Mar-06-2023 02:12:54: 	Password and confirm password does not match.
error: Mar-11-2023 12:11:31: 	undefined
error: Mar-11-2023 12:11:31: 	undefined
error: Mar-11-2023 12:11:46: 	undefined
error: Mar-11-2023 12:11:46: 	undefined
error: Mar-11-2023 23:49:17: 	undefined
error: Mar-11-2023 23:49:17: 	undefined
error: Mar-12-2023 17:42:17: 	undefined
error: Mar-12-2023 17:42:17: 	undefined
error: Mar-12-2023 17:42:17: 	undefined
error: Mar-12-2023 17:48:40: 	undefined
error: Mar-12-2023 17:48:40: 	undefined
error: Mar-12-2023 17:48:40: 	undefined
error: Mar-12-2023 17:51:58: 	undefined
error: Mar-12-2023 17:51:58: 	undefined
error: Mar-12-2023 17:51:58: 	undefined
info: Mar-12-2023 17:54:25: 	Success
info: Mar-12-2023 18:01:27: 	Success
info: Mar-12-2023 18:04:08: 	Success
info: Mar-12-2023 18:05:33: 	Success
info: Mar-12-2023 18:07:16: 	Success
info: Mar-12-2023 18:08:49: 	Success
error: Mar-14-2023 08:10:46: 	undefined
error: Mar-14-2023 08:10:46: 	failed payment verification
error: Mar-14-2023 08:10:46: 	Unable to perform transaction
error: Mar-14-2023 08:10:46: 	[object Object]
error: Mar-14-2023 08:10:46: 	[object Object]
error: Mar-14-2023 08:12:24: 	undefined
error: Mar-14-2023 08:12:24: 	failed payment verification
error: Mar-14-2023 08:12:24: 	Unable to perform transaction
error: Mar-14-2023 08:12:24: 	[object Object]
error: Mar-14-2023 08:12:24: 	[object Object]
error: Mar-14-2023 08:14:16: 	undefined
error: Mar-14-2023 08:14:16: 	failed payment verification
error: Mar-14-2023 08:14:16: 	Unable to perform transaction
error: Mar-14-2023 08:14:16: 	[object Object]
error: Mar-14-2023 08:14:16: 	[object Object]
error: Mar-14-2023 08:22:24: 	undefined
error: Mar-14-2023 08:22:24: 	failed payment verification
error: Mar-14-2023 08:22:24: 	Unable to perform transaction
error: Mar-14-2023 08:22:24: 	[object Object]
error: Mar-14-2023 08:22:24: 	[object Object]
error: Mar-14-2023 08:25:25: 	undefined
error: Mar-14-2023 08:25:25: 	failed payment verification
error: Mar-14-2023 08:25:25: 	Unable to perform transaction
error: Mar-14-2023 08:25:25: 	[object Object]
error: Mar-14-2023 08:25:25: 	[object Object]
info: Mar-14-2023 08:27:49: 	Success
error: Mar-14-2023 08:29:02: 	undefined
error: Mar-14-2023 08:29:02: 	failed payment verification
error: Mar-14-2023 08:29:02: 	Unable to perform transaction
error: Mar-14-2023 08:29:02: 	[object Object]
error: Mar-14-2023 08:29:02: 	[object Object]
error: Mar-14-2023 08:33:03: 	undefined
error: Mar-14-2023 08:33:03: 	failed payment verification
error: Mar-14-2023 08:33:03: 	Unable to perform transaction
error: Mar-14-2023 08:33:03: 	[object Object]
error: Mar-14-2023 08:33:03: 	[object Object]
info: Mar-14-2023 08:42:48: 	Success
error: Mar-14-2023 08:42:48: 	undefined
error: Mar-14-2023 08:42:48: 	undefined
error: Mar-14-2023 08:42:48: 	undefined
info: Mar-14-2023 08:48:17: 	Success
error: Mar-14-2023 08:48:17: 	undefined
error: Mar-14-2023 08:48:17: 	undefined
error: Mar-14-2023 08:48:17: 	undefined
info: Mar-14-2023 08:50:39: 	Success
error: Mar-14-2023 08:50:39: 	undefined
error: Mar-14-2023 08:50:39: 	undefined
error: Mar-14-2023 08:50:39: 	undefined
error: Mar-14-2023 09:05:25: 	undefined
error: Mar-14-2023 09:05:25: 	failed payment verification
error: Mar-14-2023 09:05:25: 	undefined
error: Mar-14-2023 09:05:25: 	undefined
error: Mar-14-2023 09:05:25: 	undefined
info: Mar-14-2023 09:09:38: 	Success
error: Mar-14-2023 09:09:38: 	undefined
error: Mar-14-2023 09:09:38: 	undefined
error: Mar-14-2023 09:09:38: 	undefined
info: Mar-14-2023 09:18:21: 	Success
error: Mar-14-2023 09:30:40: 	missing required fields
error: Mar-14-2023 09:30:40: 	Failed to charge account
error: Mar-14-2023 09:30:40: 	[object Object]
error: Mar-14-2023 09:30:40: 	[object Object]
error: Mar-14-2023 09:32:40: 	missing required fields
error: Mar-14-2023 09:32:40: 	Failed to charge account
error: Mar-14-2023 09:32:40: 	[object Object]
error: Mar-14-2023 09:32:40: 	[object Object]
info: Mar-14-2023 09:40:45: 	Success
error: Mar-15-2023 19:53:03: 	undefined
error: Mar-15-2023 19:53:03: 	undefined
error: Mar-15-2023 19:53:29: 	undefined
error: Mar-15-2023 19:53:29: 	undefined
error: Mar-15-2023 19:53:29: 	undefined
error: Mar-15-2023 19:56:01: 	undefined
error: Mar-15-2023 19:56:01: 	undefined
error: Mar-15-2023 19:56:01: 	undefined
